# JRE version: OpenJDK Runtime Environment (8.0_152) (build 1.8.0_152-release-1343-b16-5323222)
# Java VM: OpenJDK 64-Bit Server VM (25.152-b16-5323222 mixed mode linux-amd64 compressed oops)
Heap:
 PSYoungGen      total 67584K, used 5104K [0x00000000eab00000, 0x00000000ef200000, 0x0000000100000000)
  eden space 62464K, 0% used [0x00000000eab00000,0x00000000eab00000,0x00000000ee800000)
  from space 5120K, 99% used [0x00000000ee800000,0x00000000eecfc040,0x00000000eed00000)
  to   space 5120K, 0% used [0x00000000eed00000,0x00000000eed00000,0x00000000ef200000)
 ParOldGen       total 83456K, used 4994K [0x00000000c0000000, 0x00000000c5180000, 0x00000000eab00000)
  object space 83456K, 5% used [0x00000000c0000000,0x00000000c04e0bb0,0x00000000c5180000)
 Metaspace       used 15095K, capacity 15496K, committed 15616K, reserved 1062912K
  class space    used 2155K, capacity 2296K, committed 2304K, reserved 1048576K
GC Heap History (5 events):
Event: 1,035 GC heap before
{Heap before GC invocations=1 (full 0):
 PSYoungGen      total 36352K, used 31232K [0x00000000eab00000, 0x00000000ed380000, 0x0000000100000000)
  eden space 31232K, 100% used [0x00000000eab00000,0x00000000ec980000,0x00000000ec980000)
  from space 5120K, 0% used [0x00000000ece80000,0x00000000ece80000,0x00000000ed380000)
  to   space 5120K, 0% used [0x00000000ec980000,0x00000000ec980000,0x00000000ece80000)
 ParOldGen       total 83456K, used 0K [0x00000000c0000000, 0x00000000c5180000, 0x00000000eab00000)
  object space 83456K, 0% used [0x00000000c0000000,0x00000000c0000000,0x00000000c5180000)
 Metaspace       used 6807K, capacity 6968K, committed 7040K, reserved 1056768K
  class space    used 839K, capacity 877K, committed 896K, reserved 1048576K
Event: 1,047 GC heap after
Heap after GC invocations=1 (full 0):
 PSYoungGen      total 36352K, used 4142K [0x00000000eab00000, 0x00000000ef200000, 0x0000000100000000)
  eden space 31232K, 0% used [0x00000000eab00000,0x00000000eab00000,0x00000000ec980000)
  from space 5120K, 80% used [0x00000000ec980000,0x00000000ecd8b9d0,0x00000000ece80000)
  to   space 5120K, 0% used [0x00000000eed00000,0x00000000eed00000,0x00000000ef200000)
 ParOldGen       total 83456K, used 8K [0x00000000c0000000, 0x00000000c5180000, 0x00000000eab00000)
  object space 83456K, 0% used [0x00000000c0000000,0x00000000c0002000,0x00000000c5180000)
 Metaspace       used 6807K, capacity 6968K, committed 7040K, reserved 1056768K
  class space    used 839K, capacity 877K, committed 896K, reserved 1048576K
}
Event: 1,713 GC heap before
{Heap before GC invocations=2 (full 0):
 PSYoungGen      total 36352K, used 35374K [0x00000000eab00000, 0x00000000ef200000, 0x0000000100000000)
  eden space 31232K, 100% used [0x00000000eab00000,0x00000000ec980000,0x00000000ec980000)
  from space 5120K, 80% used [0x00000000ec980000,0x00000000ecd8b9d0,0x00000000ece80000)
  to   space 5120K, 0% used [0x00000000eed00000,0x00000000eed00000,0x00000000ef200000)
 ParOldGen       total 83456K, used 8K [0x00000000c0000000, 0x00000000c5180000, 0x00000000eab00000)
  object space 83456K, 0% used [0x00000000c0000000,0x00000000c0002000,0x00000000c5180000)
 Metaspace       used 8679K, capacity 8888K, committed 8960K, reserved 1056768K
  class space    used 1132K, capacity 1210K, committed 1280K, reserved 1048576K
Event: 1,726 GC heap after
Heap after GC invocations=2 (full 0):
 PSYoungGen      total 67584K, used 4324K [0x00000000eab00000, 0x00000000ef200000, 0x0000000100000000)
  eden space 62464K, 0% used [0x00000000eab00000,0x00000000eab00000,0x00000000ee800000)
  from space 5120K, 84% used [0x00000000eed00000,0x00000000ef1390d8,0x00000000ef200000)
  to   space 5120K, 0% used [0x00000000ee800000,0x00000000ee800000,0x00000000eed00000)
 ParOldGen       total 83456K, used 16K [0x00000000c0000000, 0x00000000c5180000, 0x00000000eab00000)
  object space 83456K, 0% used [0x00000000c0000000,0x00000000c0004000,0x00000000c5180000)
 Metaspace       used 8679K, capacity 8888K, committed 8960K, reserved 1056768K
  class space    used 1132K, capacity 1210K, committed 1280K, reserved 1048576K
}
Event: 3,276 GC heap before
{Heap before GC invocations=3 (full 0):
 PSYoungGen      total 67584K, used 66788K [0x00000000eab00000, 0x00000000ef200000, 0x0000000100000000)
  eden space 62464K, 100% used [0x00000000eab00000,0x00000000ee800000,0x00000000ee800000)
  from space 5120K, 84% used [0x00000000eed00000,0x00000000ef1390d8,0x00000000ef200000)
  to   space 5120K, 0% used [0x00000000ee800000,0x00000000ee800000,0x00000000eed00000)
 ParOldGen       total 83456K, used 16K [0x00000000c0000000, 0x00000000c5180000, 0x00000000eab00000)
  object space 83456K, 0% used [0x00000000c0000000,0x00000000c0004000,0x00000000c5180000)
 Metaspace       used 15095K, capacity 15496K, committed 15616K, reserved 1062912K
  class space    used 2155K, capacity 2296K, committed 2304K, reserved 1048576K

