# JRE version: OpenJDK Runtime Environment (8.0_152) (build 1.8.0_152-release-1343-b16-5323222)
# Java VM: OpenJDK 64-Bit Server VM (25.152-b16-5323222 mixed mode linux-amd64 compressed oops)
Heap:
 PSYoungGen      total 67584K, used 5109K [0x00000000e0000000, 0x00000000e4700000, 0x0000000100000000)
  eden space 62464K, 0% used [0x00000000e0000000,0x00000000e0000000,0x00000000e3d00000)
  from space 5120K, 99% used [0x00000000e3d00000,0x00000000e41fd5d0,0x00000000e4200000)
  to   space 5120K, 0% used [0x00000000e4200000,0x00000000e4200000,0x00000000e4700000)
 ParOldGen       total 83456K, used 10598K [0x00000000a0000000, 0x00000000a5180000, 0x00000000e0000000)
  object space 83456K, 12% used [0x00000000a0000000,0x00000000a0a59988,0x00000000a5180000)
 Metaspace       used 20716K, capacity 21182K, committed 21296K, reserved 1067008K
  class space    used 2910K, capacity 3090K, committed 3120K, reserved 1048576K
GC Heap History (9 events):
Event: 0,842 GC heap before
{Heap before GC invocations=1 (full 0):
 PSYoungGen      total 36352K, used 31232K [0x00000000e0000000, 0x00000000e2880000, 0x0000000100000000)
  eden space 31232K, 100% used [0x00000000e0000000,0x00000000e1e80000,0x00000000e1e80000)
  from space 5120K, 0% used [0x00000000e2380000,0x00000000e2380000,0x00000000e2880000)
  to   space 5120K, 0% used [0x00000000e1e80000,0x00000000e1e80000,0x00000000e2380000)
 ParOldGen       total 83456K, used 0K [0x00000000a0000000, 0x00000000a5180000, 0x00000000e0000000)
  object space 83456K, 0% used [0x00000000a0000000,0x00000000a0000000,0x00000000a5180000)
 Metaspace       used 6840K, capacity 6968K, committed 7040K, reserved 1056768K
  class space    used 839K, capacity 877K, committed 896K, reserved 1048576K
Event: 0,845 GC heap after
Heap after GC invocations=1 (full 0):
 PSYoungGen      total 36352K, used 4143K [0x00000000e0000000, 0x00000000e2880000, 0x0000000100000000)
  eden space 31232K, 0% used [0x00000000e0000000,0x00000000e0000000,0x00000000e1e80000)
  from space 5120K, 80% used [0x00000000e1e80000,0x00000000e228beb0,0x00000000e2380000)
  to   space 5120K, 0% used [0x00000000e2380000,0x00000000e2380000,0x00000000e2880000)
 ParOldGen       total 83456K, used 8K [0x00000000a0000000, 0x00000000a5180000, 0x00000000e0000000)
  object space 83456K, 0% used [0x00000000a0000000,0x00000000a0002000,0x00000000a5180000)
 Metaspace       used 6840K, capacity 6968K, committed 7040K, reserved 1056768K
  class space    used 839K, capacity 877K, committed 896K, reserved 1048576K
}
Event: 1,176 GC heap before
{Heap before GC invocations=2 (full 0):
 PSYoungGen      total 36352K, used 35375K [0x00000000e0000000, 0x00000000e2880000, 0x0000000100000000)
  eden space 31232K, 100% used [0x00000000e0000000,0x00000000e1e80000,0x00000000e1e80000)
  from space 5120K, 80% used [0x00000000e1e80000,0x00000000e228beb0,0x00000000e2380000)
  to   space 5120K, 0% used [0x00000000e2380000,0x00000000e2380000,0x00000000e2880000)
 ParOldGen       total 83456K, used 8K [0x00000000a0000000, 0x00000000a5180000, 0x00000000e0000000)
  object space 83456K, 0% used [0x00000000a0000000,0x00000000a0002000,0x00000000a5180000)
 Metaspace       used 8776K, capacity 8992K, committed 9216K, reserved 1056768K
  class space    used 1146K, capacity 1230K, committed 1280K, reserved 1048576K
Event: 1,180 GC heap after
Heap after GC invocations=2 (full 0):
 PSYoungGen      total 36352K, used 4432K [0x00000000e0000000, 0x00000000e2880000, 0x0000000100000000)
  eden space 31232K, 0% used [0x00000000e0000000,0x00000000e0000000,0x00000000e1e80000)
  from space 5120K, 86% used [0x00000000e2380000,0x00000000e27d41f8,0x00000000e2880000)
  to   space 5120K, 0% used [0x00000000e1e80000,0x00000000e1e80000,0x00000000e2380000)
 ParOldGen       total 83456K, used 16K [0x00000000a0000000, 0x00000000a5180000, 0x00000000e0000000)
  object space 83456K, 0% used [0x00000000a0000000,0x00000000a0004000,0x00000000a5180000)
 Metaspace       used 8776K, capacity 8992K, committed 9216K, reserved 1056768K
  class space    used 1146K, capacity 1230K, committed 1280K, reserved 1048576K
}
Event: 1,485 GC heap before
{Heap before GC invocations=3 (full 0):
 PSYoungGen      total 36352K, used 35664K [0x00000000e0000000, 0x00000000e2880000, 0x0000000100000000)
  eden space 31232K, 100% used [0x00000000e0000000,0x00000000e1e80000,0x00000000e1e80000)
  from space 5120K, 86% used [0x00000000e2380000,0x00000000e27d41f8,0x00000000e2880000)
  to   space 5120K, 0% used [0x00000000e1e80000,0x00000000e1e80000,0x00000000e2380000)
 ParOldGen       total 83456K, used 16K [0x00000000a0000000, 0x00000000a5180000, 0x00000000e0000000)
  object space 83456K, 0% used [0x00000000a0000000,0x00000000a0004000,0x00000000a5180000)
 Metaspace       used 12718K, capacity 13048K, committed 13184K, reserved 1060864K
  class space    used 1764K, capacity 1902K, committed 1920K, reserved 1048576K
Event: 1,492 GC heap after
Heap after GC invocations=3 (full 0):
 PSYoungGen      total 36352K, used 5115K [0x00000000e0000000, 0x00000000e4700000, 0x0000000100000000)
  eden space 31232K, 0% used [0x00000000e0000000,0x00000000e0000000,0x00000000e1e80000)
  from space 5120K, 99% used [0x00000000e1e80000,0x00000000e237efb8,0x00000000e2380000)
  to   space 5120K, 0% used [0x00000000e4200000,0x00000000e4200000,0x00000000e4700000)
 ParOldGen       total 83456K, used 1596K [0x00000000a0000000, 0x00000000a5180000, 0x00000000e0000000)
  object space 83456K, 1% used [0x00000000a0000000,0x00000000a018f0b8,0x00000000a5180000)
 Metaspace       used 12718K, capacity 13048K, committed 13184K, reserved 1060864K
  class space    used 1764K, capacity 1902K, committed 1920K, reserved 1048576K
}
Event: 1,766 GC heap before
{Heap before GC invocations=4 (full 0):
 PSYoungGen      total 36352K, used 36347K [0x00000000e0000000, 0x00000000e4700000, 0x0000000100000000)
  eden space 31232K, 100% used [0x00000000e0000000,0x00000000e1e80000,0x00000000e1e80000)
  from space 5120K, 99% used [0x00000000e1e80000,0x00000000e237efb8,0x00000000e2380000)
  to   space 5120K, 0% used [0x00000000e4200000,0x00000000e4200000,0x00000000e4700000)
 ParOldGen       total 83456K, used 1596K [0x00000000a0000000, 0x00000000a5180000, 0x00000000e0000000)
  object space 83456K, 1% used [0x00000000a0000000,0x00000000a018f0b8,0x00000000a5180000)
 Metaspace       used 15391K, capacity 15752K, committed 16000K, reserved 1062912K
  class space    used 2203K, capacity 2360K, committed 2432K, reserved 1048576K
Event: 1,777 GC heap after
Heap after GC invocations=4 (full 0):
 PSYoungGen      total 67584K, used 5088K [0x00000000e0000000, 0x00000000e4700000, 0x0000000100000000)
  eden space 62464K, 0% used [0x00000000e0000000,0x00000000e0000000,0x00000000e3d00000)
  from space 5120K, 99% used [0x00000000e4200000,0x00000000e46f8050,0x00000000e4700000)
  to   space 5120K, 0% used [0x00000000e3d00000,0x00000000e3d00000,0x00000000e4200000)
 ParOldGen       total 83456K, used 4420K [0x00000000a0000000, 0x00000000a5180000, 0x00000000e0000000)
  object space 83456K, 5% used [0x00000000a0000000,0x00000000a04512f8,0x00000000a5180000)
 Metaspace       used 15391K, capacity 15752K, committed 16000K, reserved 1062912K
  class space    used 2203K, capacity 2360K, committed 2432K, reserved 1048576K
}
Event: 3,085 GC heap before
{Heap before GC invocations=5 (full 0):
 PSYoungGen      total 67584K, used 53746K [0x00000000e0000000, 0x00000000e4700000, 0x0000000100000000)
  eden space 62464K, 77% used [0x00000000e0000000,0x00000000e2f848d8,0x00000000e3d00000)
  from space 5120K, 99% used [0x00000000e4200000,0x00000000e46f8050,0x00000000e4700000)
  to   space 5120K, 0% used [0x00000000e3d00000,0x00000000e3d00000,0x00000000e4200000)
 ParOldGen       total 83456K, used 4420K [0x00000000a0000000, 0x00000000a5180000, 0x00000000e0000000)
  object space 83456K, 5% used [0x00000000a0000000,0x00000000a04512f8,0x00000000a5180000)
 Metaspace       used 20716K, capacity 21182K, committed 21296K, reserved 1067008K
  class space    used 2910K, capacity 3090K, committed 3120K, reserved 1048576K

